<?xml version="1.0" encoding="UTF-8"?>
<testsuite name="com.wbl.calculatortest.CalculatorTest" tests="1" skipped="0" failures="0" errors="0" timestamp="2020-05-07T12:42:21" hostname="DESKTOP-QA2NH3N" time="0.035">
  <properties/>
  <testcase name="addTest" classname="com.wbl.calculatortest.CalculatorTest" time="0.035"/>
  <system-out><![CDATA[]]></system-out>
  <system-err><![CDATA[]]></system-err>
</testsuite>
